Arguments: 
  /usr/local/bin/node /usr/local/bin/yarn install

PATH: 
  /Users/houes/Documents/DevTools/iot/xtensa-esp32-elf/bin:/Users/houes/.toolbox/bin:/usr/local/opt/python/libexec/bin:/Users/houes/bin:/usr/local/bin:/Library/Frameworks/Python.framework/Versions/3.8/bin:/usr/local/bin:/usr/bin:/bin:/usr/sbin:/sbin:/Library/TeX/texbin:/usr/local/MacGPG2/bin:/usr/local/share/dotnet:~/.dotnet/tools:/Library/Apple/usr/bin:/Library/Frameworks/Mono.framework/Versions/Current/Commands:/Users/houes/Documents/DevTools/iot/xtensa-esp32-elf/bin:/Users/houes/.toolbox/bin:/usr/local/opt/python/libexec/bin:/Users/houes/bin:/Library/Frameworks/Python.framework/Versions/3.8/bin:/Users/houes/.dotnet/tools:/Users/houes/.dotnet/tools

Yarn version: 
  1.22.4

Node version: 
  16.14.0

Platform: 
  darwin x64

Trace: 
  SyntaxError: /Users/houes/Documents/Git/aws/samples/quickstart-container-pipeline/package.json: Unexpected token } in JSON at position 390
      at JSON.parse (<anonymous>)
      at /usr/local/lib/node_modules/yarn/lib/cli.js:1625:59
      at Generator.next (<anonymous>)
      at step (/usr/local/lib/node_modules/yarn/lib/cli.js:310:30)
      at /usr/local/lib/node_modules/yarn/lib/cli.js:321:13

npm manifest: 
  {
    "name": "root",
    "private": true,
    "workspaces": [
      "packages/*"
    ],
    "scripts": {
      "bootstrap": "lerna bootstrap",
      "build": "lerna run build",
      "watch": "lerna run --parallel --no-sort watch",
      "test": "CI=true lerna run --parallel --no-sort test",
      "test:watch": "lerna run --parallel --no-sort test:watch",
      "lint": "lerna run --parallel --no-sort lint",
    },
    "devDependencies": {
      "@types/jest": "^26.0.20",
      "@typescript-eslint/eslint-plugin": "4.22.0",
      "@typescript-eslint/parser": "~4.22.0",
      "babel-eslint": "^10.1.0",
      "eslint": "~7.25.0",
      "jest": "^26.6.3",
      "lerna": "^4.0.0",
      "ts-jest": "~26.5.5"
    },
    "dependencies": {}
  }

yarn manifest: 
  No manifest

Lockfile: 
  No lockfile
